C51 COMPILER V9.00   12864                                                                 06/16/2016 19:24:02 PAGE 1   


C51 COMPILER V9.00, COMPILATION OF MODULE 12864
OBJECT MODULE PLACED IN 12864.OBJ
COMPILER INVOKED BY: C:\Keil\C51\BIN\C51.EXE 12864.c BROWSE DEBUG OBJECTEXTEND

line level    source

   1          
   2          
   3          
   4              /*******************************************************/
   5              /*12864显示屏的操作模块，主要控制显示屏显示的内容      */
   6              /*******************************************************/
   7          
   8          
   9          
  10          #include <reg51.h>
  11          #include <intrins.h>
  12          #include <main.h>
  13                  
  14          #define uchar unsigned char
  15          #define uint  unsigned int
  16          
  17          
  18          
  19          /*TS12864A-3 端口定义*/
  20          #define LCD_data  P0             //数据口
  21          sbit LCD_RS  =  P3^5;            //寄存器选择输入 
  22          sbit LCD_RW  =  P3^6;            //液晶读/写控制
  23          sbit LCD_EN  =  P3^4;            //液晶使能控制
  24          sbit LCD_PSB =  P3^7;            //串/并方式控制
  25          sbit wela    =  P2^6;
  26          sbit dula    =  P2^7;
  27           //******************************************************
  28          uchar code dis1[] = {"韶关学院"};                                       //欢迎界面      
  29          uchar code dis2[] = {">>丁香c312<"};
  30          uchar code dis3[] = {"RFID智能门禁系统 "};
  31          uchar code dis4[] = {"请刷卡！！ "};
  32           //******************************************************
  33          
  34          uchar code dis5[] = {"欢迎回来！！"};
  35          uchar code dis7[] = {"您的卡号为"};
  36          
  37           //******************************************************
  38          uchar code dis8[] = {"抱歉，此卡未注册"};                       //错误卡界面
  39          uchar code dis9[] = {"请记住您的卡号："};
  40          uchar code dis10[] = {"并联系管理员"};
  41            //******************************************************
  42          
  43          
  44          #define delayNOP(); {_nop_();_nop_();_nop_();_nop_();};
  45          uchar IRDIS[2];
  46          uchar IRCOM[4];
  47          void delay0(uchar x);  //x*0.14MS
  48          
  49          void  dataconv();
  50          void lcd_pos(uchar X,uchar Y);  //确定显示位置
  51          /*******************************************************************/
  52          /*                                                                 */
  53          /*  延时函数                                                       */
  54          /*                                                                 */
  55          /*******************************************************************/
C51 COMPILER V9.00   12864                                                                 06/16/2016 19:24:02 PAGE 2   

  56          void delay(int ms)
  57          {
  58   1          while(ms--)
  59   1              {
  60   2            uchar i;
  61   2                for(i=0;i<250;i++)  
  62   2                 {
  63   3                  _nop_();                       
  64   3                      _nop_();
  65   3                      _nop_();
  66   3                      _nop_();
  67   3                 }
  68   2              }
  69   1      }               
  70          /*******************************************************************/
  71          /*                                                                 */
  72          /*检查LCD忙状态                                                    */
  73          /*lcd_busy为1时，忙，等待。lcd-busy为0时,闲，可写指令与数据。      */
  74          /*                                                                 */
  75          /*******************************************************************/
  76          bit lcd_busy()
  77           {                          
  78   1          bit result;
  79   1          LCD_RS = 0;
  80   1          LCD_RW = 1;
  81   1          LCD_EN = 1;
  82   1          delayNOP();
  83   1          result = (bit)(P0&0x80);
  84   1          LCD_EN = 0;
  85   1          return(result); 
  86   1       }
  87          /*******************************************************************/
  88          /*                                                                 */
  89          /*写指令数据到LCD                                                  */
  90          /*RS=L，RW=L，E=高脉冲，D0-D7=指令码。                             */
  91          /*                                                                 */
  92          /*******************************************************************/
  93          void lcd_wcmd(uchar cmd)
  94          {                          
  95   1         while(lcd_busy());
  96   1          LCD_RS = 0;
  97   1          LCD_RW = 0;
  98   1          LCD_EN = 0;
  99   1          _nop_();
 100   1          _nop_(); 
 101   1          P0 = cmd;
 102   1          delayNOP();
 103   1          LCD_EN = 1;
 104   1          delayNOP();
 105   1          LCD_EN = 0;  
 106   1      }
 107          /*******************************************************************/
 108          /*                                                                 */
 109          /*写显示数据到LCD                                                  */
 110          /*RS=H，RW=L，E=高脉冲，D0-D7=数据。                               */
 111          /*                                                                 */
 112          /*******************************************************************/
 113          void lcd_wdat(uchar dat)
 114          {                          
 115   1         while(lcd_busy());
 116   1          LCD_RS = 1;
 117   1          LCD_RW = 0;
C51 COMPILER V9.00   12864                                                                 06/16/2016 19:24:02 PAGE 3   

 118   1          LCD_EN = 0;
 119   1          P0 = dat;
 120   1          delayNOP();
 121   1          LCD_EN = 1;
 122   1          delayNOP();
 123   1          LCD_EN = 0; 
 124   1      }
 125          /*******************************************************************/
 126          /*                                                                 */
 127          /*  LCD初始化设定                                                  */
 128          /*                                                                 */
 129          /*******************************************************************/
 130          void lcd_init()
 131          { 
 132   1      
 133   1          LCD_PSB = 1;         //并口方式
 134   1          
 135   1          lcd_wcmd(0x34);      //扩充指令操作
 136   1          delay(5);
 137   1          lcd_wcmd(0x30);      //基本指令操作
 138   1          delay(5);
 139   1          lcd_wcmd(0x0C);      //显示开，关光标
 140   1          delay(5);
 141   1          lcd_wcmd(0x01);      //清除LCD的显示内容
 142   1          delay(5);
 143   1      }
 144          
 145          /*********************************************************/
 146          /*                                                       */
 147          /* 设定显示位置                                          */
 148          /*                                                       */
 149          /*********************************************************/
 150          void lcd_pos(uchar X,uchar Y)
 151          {                          
 152   1         uchar  pos;
 153   1         if (X==0)
 154   1           {X=0x80;}
 155   1         else if (X==1)
 156   1           {X=0x90;}
 157   1         else if (X==2)
 158   1           {X=0x88;}
 159   1         else if (X==3)
 160   1           {X=0x98;}
 161   1         pos = X+Y ;  
 162   1         lcd_wcmd(pos);     //显示地址
 163   1      }
 164          
 165          
 166          void LCD_Data(unsigned char LCDbyte)     //把4位卡号变为8位显示
 167          {
 168   1               unsigned char count;
 169   1               
 170   1               count=(LCDbyte&0xf0)>>4;
 171   1               if (count>0x9) lcd_wdat(count%9+0x40);
 172   1               else lcd_wdat(count+0x30);
 173   1               
 174   1               count=LCDbyte&0x0f;
 175   1               if (count>9) lcd_wdat(count%9+0x40);
 176   1               else lcd_wdat(count+0x30);
 177   1      }
 178          
 179          
C51 COMPILER V9.00   12864                                                                 06/16/2016 19:24:02 PAGE 4   

 180          
 181          void display_cardnum()             //显示卡号
 182          {
 183   1              uchar num;
 184   1          //write_com(0x01);      //清除LCD的显示内容
 185   1          delay(5);
 186   1          lcd_pos(3,0);
 187   1          
 188   1              for(num=0;num<4;num++)
 189   1              {
 190   2      
 191   2                      
 192   2                      LCD_Data(UID[num]);//写数字
 193   2              }
 194   1      }       
 195          
 196          void display_cardnumerr()                  //显示错误卡号
 197          {
 198   1              uchar num;
 199   1          //write_com(0x01);      //清除LCD的显示内容
 200   1          delay(5);
 201   1          lcd_pos(2,0);
 202   1          
 203   1              for(num=0;num<4;num++)
 204   1              {
 205   2            LCD_Data(UID[num]);//写数字
 206   2              }
 207   1      }       
 208          
 209          /******************************用户显示****************************************************************/
 210          
 211          void dispwel()
 212          {
 213   1          uchar i;
 214   1          delay(10);                 //延时
 215   1          wela=0;
 216   1              dula=0; 
 217   1          lcd_init();                //初始化LCD             
 218   1        
 219   1          lcd_pos(0,0); i = 0;while(dis1[i] != '\0'){lcd_wdat(dis1[i]);i++;}
 220   1          lcd_pos(1,0); i = 0;while(dis2[i] != '\0'){lcd_wdat(dis2[i]);i++;}
 221   1              lcd_pos(2,0); i = 0;while(dis3[i] != '\0'){lcd_wdat(dis3[i]);i++;}
 222   1              lcd_pos(3,0); i = 0;while(dis4[i] != '\0'){lcd_wdat(dis4[i]);i++;}
 223   1      }
 224          
 225          //*************************************************************** 毕国康
 226          uchar code dis_bgk[] = {"毕国康"};
 227          void disbgk()
 228          {
 229   1          uchar i;
 230   1          delay(10);                 //延时
 231   1          wela=0;
 232   1              dula=0; 
 233   1          lcd_init();                //初始化LCD             
 234   1          lcd_pos(0,0); i = 0; while(dis5[i] != '\0')     { lcd_wdat(dis5[i]);i++;}
 235   1          lcd_pos(1,0); i = 0; while(dis_bgk[i] != '\0')  {lcd_wdat(dis_bgk[i]);i++;}
 236   1              lcd_pos(2,0); i = 0; while(dis7[i] != '\0')     {lcd_wdat(dis7[i]);i++; }
 237   1              lcd_pos(3,0); i = 0; display_cardnum();    
 238   1      }
 239          
 240          //*************************************************************** 杨炯建
 241          uchar code dis_yjj[] = {"杨炯建"};
C51 COMPILER V9.00   12864                                                                 06/16/2016 19:24:02 PAGE 5   

 242          void disyjj()
 243          {
 244   1          uchar i;
 245   1          delay(10);                 //延时
 246   1          wela=0;
 247   1              dula=0; 
 248   1          lcd_init();                //初始化LCD             
 249   1          lcd_pos(0,0); i = 0; while(dis5[i] != '\0')     { lcd_wdat(dis5[i]);i++;}
 250   1          lcd_pos(1,0); i = 0; while(dis_yjj[i] != '\0')  {lcd_wdat(dis_yjj[i]);i++;}
 251   1              lcd_pos(2,0); i = 0; while(dis7[i] != '\0')     {lcd_wdat(dis7[i]);i++; }
 252   1              lcd_pos(3,0); i = 0; display_cardnum();    
 253   1      }
 254          //*************************************************************** 陈贤权
 255          uchar code dis_cxq[] = {"陈贤权"};
 256          void discxq()
 257          {
 258   1          uchar i;
 259   1          delay(10);                 //延时
 260   1          wela=0;
 261   1              dula=0; 
 262   1          lcd_init();                //初始化LCD             
 263   1          lcd_pos(0,0); i = 0; while(dis5[i] != '\0')     { lcd_wdat(dis5[i]);i++;}
 264   1          lcd_pos(1,0); i = 0; while(dis_cxq[i] != '\0')  {lcd_wdat(dis_cxq[i]);i++;}
 265   1              lcd_pos(2,0); i = 0; while(dis7[i] != '\0')     {lcd_wdat(dis7[i]);i++; }
 266   1              lcd_pos(3,0); i = 0; display_cardnum();    
 267   1      }
 268          
 269          
 270          /******************************用户显示end****************************************************************
             -/
 271          
 272          
 273          
 274          
 275          
 276          
 277          void diserr()
 278          {
 279   1          uchar i;
 280   1          delay(10);                 //延时
 281   1          wela=0;
 282   1              dula=0; 
 283   1          lcd_init();                //初始化LCD             
 284   1        
 285   1          lcd_pos(0,0); i = 0; while(dis8[i] != '\0'){ lcd_wdat(dis8[i]); i++;}
 286   1          lcd_pos(1,0); i = 0; while(dis9[i] != '\0'){ lcd_wdat(dis9[i]); i++;}
 287   1              lcd_pos(2,0); i = 0; display_cardnumerr();
 288   1              lcd_pos(3,0); i = 0; while(dis10[i] != '\0'){lcd_wdat(dis10[i]);i++;}
 289   1       }   


MODULE INFORMATION:   STATIC OVERLAYABLE
   CODE SIZE        =    728    ----
   CONSTANT SIZE    =    143    ----
   XDATA SIZE       =   ----    ----
   PDATA SIZE       =   ----    ----
   DATA SIZE        =      6       1
   IDATA SIZE       =   ----    ----
   BIT SIZE         =   ----       1
END OF MODULE INFORMATION.


C51 COMPILATION COMPLETE.  0 WARNING(S),  0 ERROR(S)
