C51 COMPILER V9.00   MAIN                                                                  06/16/2016 19:24:01 PAGE 1   


C51 COMPILER V9.00, COMPILATION OF MODULE MAIN
OBJECT MODULE PLACED IN MAIN.OBJ
COMPILER INVOKED BY: C:\Keil\C51\BIN\C51.EXE MAIN.c BROWSE DEBUG OBJECTEXTEND

line level    source

   1          #include<reg52.h>
   2          #include<main.h>
   3          #include<mfrc522.h>
   4          unsigned char UID[5],Temp[4];
   5          
   6          void init(){            
   7   1              beep = 0;
   8   1          PcdReset();
   9   1          PcdAntennaOff(); 
  10   1          PcdAntennaOn();  
  11   1              M500PcdConfigISOType( 'A' );
  12   1              lock_off();
  13   1              dispwel();
  14   1      }
  15          
  16          void find_the_card(void){
  17   1        while(1){
  18   2          if(PcdRequest(0x52,Temp)==MI_OK){  //寻卡
  19   3            if(PcdAnticoll(UID)==MI_OK){        //防冲突，UID数组数据为卡序列号
  20   4                 find_card_success();  //
  21   4                         jiance();       
  22   4            }
  23   3          }else beep = 1;//寻卡失败
  24   2        } 
  25   1      }
  26          
  27          
  28          
  29          
  30          
  31          //主函数
  32          void main( ){   
  33   1          init( );                    //系统初始化
  34   1          find_the_card();            //循环寻卡状态
  35   1      }


MODULE INFORMATION:   STATIC OVERLAYABLE
   CODE SIZE        =     65    ----
   CONSTANT SIZE    =   ----    ----
   XDATA SIZE       =   ----    ----
   PDATA SIZE       =   ----    ----
   DATA SIZE        =      9    ----
   IDATA SIZE       =   ----    ----
   BIT SIZE         =   ----    ----
END OF MODULE INFORMATION.


C51 COMPILATION COMPLETE.  0 WARNING(S),  0 ERROR(S)
